Traceback (most recent call last):
  File "C:\Users\LENOVO\AppData\Local\Programs\Python\Python39\lib\site-packages\jupyter_core\utils\__init__.py", line 154, in wrapped
    asyncio.get_running_loop()
RuntimeError: no running event loop

During handling of the above exception, another exception occurred:

Traceback (most recent call last):
  File "C:\Users\LENOVO\AppData\Local\Programs\Python\Python39\lib\site-packages\jupyter_cache\executors\utils.py", line 58, in single_nb_execution
    executenb(
  File "C:\Users\LENOVO\AppData\Local\Programs\Python\Python39\lib\site-packages\nbclient\client.py", line 1305, in execute
    return NotebookClient(nb=nb, resources=resources, km=km, **kwargs).execute()
  File "C:\Users\LENOVO\AppData\Local\Programs\Python\Python39\lib\site-packages\jupyter_core\utils\__init__.py", line 158, in wrapped
    return loop.run_until_complete(inner)
  File "C:\Users\LENOVO\AppData\Local\Programs\Python\Python39\lib\asyncio\base_events.py", line 642, in run_until_complete
    return future.result()
  File "C:\Users\LENOVO\AppData\Local\Programs\Python\Python39\lib\site-packages\nbclient\client.py", line 705, in async_execute
    await self.async_execute_cell(
  File "C:\Users\LENOVO\AppData\Local\Programs\Python\Python39\lib\site-packages\nbclient\client.py", line 1058, in async_execute_cell
    await self._check_raise_for_error(cell, cell_index, exec_reply)
  File "C:\Users\LENOVO\AppData\Local\Programs\Python\Python39\lib\site-packages\nbclient\client.py", line 914, in _check_raise_for_error
    raise CellExecutionError.from_cell_and_msg(cell, exec_reply_content)
nbclient.exceptions.CellExecutionError: An error occurred while executing the following cell:
------------------
!pip install gower seaborn

import pandas as pd
import gower
import seaborn as sns
import matplotlib.pyplot as plt
from google.colab import files

uploaded = files.upload()

filename = list(uploaded.keys())[0]

df = pd.read_csv(filename)

print("Preview dataset:")
display(df.head())

distance_matrix = gower.gower_matrix(df)

distance_df = pd.DataFrame(distance_matrix, index=df.index, columns=df.index)

plt.figure(figsize=(10,8))
sns.heatmap(distance_df, cmap='viridis')
plt.title("Distance Matrix (Gower Distance)")
plt.show()
------------------

----- stdout -----
Collecting gower
  Using cached gower-0.1.2-py3-none-any.whl.metadata (3.7 kB)
Collecting seaborn
  Using cached seaborn-0.13.2-py3-none-any.whl.metadata (5.4 kB)
Requirement already satisfied: numpy in c:\users\lenovo\appdata\local\programs\python\python39\lib\site-packages (from gower) (2.0.2)
Collecting scipy (from gower)
  Using cached scipy-1.13.1-cp39-cp39-win_amd64.whl.metadata (60 kB)
Collecting pandas>=1.2 (from seaborn)
  Using cached pandas-2.3.3-cp39-cp39-win_amd64.whl.metadata (19 kB)
Collecting matplotlib!=3.6.1,>=3.4 (from seaborn)
  Using cached matplotlib-3.9.4-cp39-cp39-win_amd64.whl.metadata (11 kB)
Collecting contourpy>=1.0.1 (from matplotlib!=3.6.1,>=3.4->seaborn)
  Using cached contourpy-1.3.0-cp39-cp39-win_amd64.whl.metadata (5.4 kB)
Collecting cycler>=0.10 (from matplotlib!=3.6.1,>=3.4->seaborn)
  Using cached cycler-0.12.1-py3-none-any.whl.metadata (3.8 kB)
Collecting fonttools>=4.22.0 (from matplotlib!=3.6.1,>=3.4->seaborn)
  Using cached fonttools-4.60.2-cp39-cp39-win_amd64.whl.metadata (115 kB)
Collecting kiwisolver>=1.3.1 (from matplotlib!=3.6.1,>=3.4->seaborn)
  Using cached kiwisolver-1.4.7-cp39-cp39-win_amd64.whl.metadata (6.4 kB)
Requirement already satisfied: packaging>=20.0 in c:\users\lenovo\appdata\local\programs\python\python39\lib\site-packages (from matplotlib!=3.6.1,>=3.4->seaborn) (26.0)
Requirement already satisfied: pillow>=8 in c:\users\lenovo\appdata\local\programs\python\python39\lib\site-packages (from matplotlib!=3.6.1,>=3.4->seaborn) (11.3.0)
Requirement already satisfied: pyparsing>=2.3.1 in c:\users\lenovo\appdata\local\programs\python\python39\lib\site-packages (from matplotlib!=3.6.1,>=3.4->seaborn) (3.3.2)
Requirement already satisfied: python-dateutil>=2.7 in c:\users\lenovo\appdata\local\programs\python\python39\lib\site-packages (from matplotlib!=3.6.1,>=3.4->seaborn) (2.9.0.post0)
Collecting importlib-resources>=3.2.0 (from matplotlib!=3.6.1,>=3.4->seaborn)
  Using cached importlib_resources-6.5.2-py3-none-any.whl.metadata (3.9 kB)
Requirement already satisfied: zipp>=3.1.0 in c:\users\lenovo\appdata\local\programs\python\python39\lib\site-packages (from importlib-resources>=3.2.0->matplotlib!=3.6.1,>=3.4->seaborn) (3.23.0)
Requirement already satisfied: pytz>=2020.1 in c:\users\lenovo\appdata\local\programs\python\python39\lib\site-packages (from pandas>=1.2->seaborn) (2026.1.post1)
Requirement already satisfied: tzdata>=2022.7 in c:\users\lenovo\appdata\local\programs\python\python39\lib\site-packages (from pandas>=1.2->seaborn) (2026.1)
Requirement already satisfied: six>=1.5 in c:\users\lenovo\appdata\local\programs\python\python39\lib\site-packages (from python-dateutil>=2.7->matplotlib!=3.6.1,>=3.4->seaborn) (1.17.0)
Using cached gower-0.1.2-py3-none-any.whl (5.2 kB)
Using cached seaborn-0.13.2-py3-none-any.whl (294 kB)
Using cached matplotlib-3.9.4-cp39-cp39-win_amd64.whl (7.8 MB)
Using cached contourpy-1.3.0-cp39-cp39-win_amd64.whl (211 kB)
Using cached cycler-0.12.1-py3-none-any.whl (8.3 kB)
Using cached fonttools-4.60.2-cp39-cp39-win_amd64.whl (1.5 MB)
Using cached importlib_resources-6.5.2-py3-none-any.whl (37 kB)
Using cached kiwisolver-1.4.7-cp39-cp39-win_amd64.whl (55 kB)
Using cached pandas-2.3.3-cp39-cp39-win_amd64.whl (11.4 MB)
Using cached scipy-1.13.1-cp39-cp39-win_amd64.whl (46.2 MB)
Installing collected packages: scipy, kiwisolver, importlib-resources, fonttools, cycler, contourpy, pandas, matplotlib, gower, seaborn

   ----------------------------------------  0/10 [scipy]
   ----------------------------------------  0/10 [scipy]
   ----------------------------------------  0/10 [scipy]
----- stderr -----
ERROR: Could not install packages due to an OSError: [Errno 28] No space left on device
------------------

[1;31m---------------------------------------------------------------------------[0m
[1;31mModuleNotFoundError[0m                       Traceback (most recent call last)
Cell [1;32mIn[1], line 3[0m
[0;32m      1[0m get_ipython()[38;5;241m.[39msystem([38;5;124m'[39m[38;5;124mpip install gower seaborn[39m[38;5;124m'[39m)
[1;32m----> 3[0m [38;5;28;01mimport[39;00m[38;5;250m [39m[38;5;21;01mpandas[39;00m[38;5;250m [39m[38;5;28;01mas[39;00m[38;5;250m [39m[38;5;21;01mpd[39;00m
[0;32m      4[0m [38;5;28;01mimport[39;00m[38;5;250m [39m[38;5;21;01mgower[39;00m
[0;32m      5[0m [38;5;28;01mimport[39;00m[38;5;250m [39m[38;5;21;01mseaborn[39;00m[38;5;250m [39m[38;5;28;01mas[39;00m[38;5;250m [39m[38;5;21;01msns[39;00m

[1;31mModuleNotFoundError[0m: No module named 'pandas'

