Traceback (most recent call last):
  File "C:\Users\LENOVO\AppData\Local\Programs\Python\Python39\lib\site-packages\jupyter_core\utils\__init__.py", line 154, in wrapped
    asyncio.get_running_loop()
RuntimeError: no running event loop

During handling of the above exception, another exception occurred:

Traceback (most recent call last):
  File "C:\Users\LENOVO\AppData\Local\Programs\Python\Python39\lib\site-packages\jupyter_cache\executors\utils.py", line 58, in single_nb_execution
    executenb(
  File "C:\Users\LENOVO\AppData\Local\Programs\Python\Python39\lib\site-packages\nbclient\client.py", line 1305, in execute
    return NotebookClient(nb=nb, resources=resources, km=km, **kwargs).execute()
  File "C:\Users\LENOVO\AppData\Local\Programs\Python\Python39\lib\site-packages\jupyter_core\utils\__init__.py", line 158, in wrapped
    return loop.run_until_complete(inner)
  File "C:\Users\LENOVO\AppData\Local\Programs\Python\Python39\lib\asyncio\base_events.py", line 642, in run_until_complete
    return future.result()
  File "C:\Users\LENOVO\AppData\Local\Programs\Python\Python39\lib\site-packages\nbclient\client.py", line 705, in async_execute
    await self.async_execute_cell(
  File "C:\Users\LENOVO\AppData\Local\Programs\Python\Python39\lib\site-packages\nbclient\client.py", line 1058, in async_execute_cell
    await self._check_raise_for_error(cell, cell_index, exec_reply)
  File "C:\Users\LENOVO\AppData\Local\Programs\Python\Python39\lib\site-packages\nbclient\client.py", line 914, in _check_raise_for_error
    raise CellExecutionError.from_cell_and_msg(cell, exec_reply_content)
nbclient.exceptions.CellExecutionError: An error occurred while executing the following cell:
------------------
import matplotlib.pyplot as plt
import pandas as pd

iris = pd.read_csv("IRIS.csv")

plt.figure()
plt.hist(iris['sepal_length'], bins=10)
plt.title("Histogram Sepal Length")
plt.savefig("Histogram_Sepal_Length.png")
plt.close()

plt.figure()
plt.hist(iris['sepal_width'], bins=10)
plt.title("Histogram Sepal Width")
plt.savefig("Histogram_Sepal_Width.png")
plt.close()

plt.figure()
plt.hist(iris['petal_length'], bins=10)
plt.title("Histogram Petal Length")
plt.savefig("Histogram_Petal_Length.png")
plt.close()

plt.figure()
plt.hist(iris['petal_width'], bins=10)
plt.title("Histogram Petal Width")
plt.savefig("Histogram_Petal_Width.png")
plt.close()
------------------


[1;31m---------------------------------------------------------------------------[0m
[1;31mModuleNotFoundError[0m                       Traceback (most recent call last)
Cell [1;32mIn[1], line 1[0m
[1;32m----> 1[0m [38;5;28;01mimport[39;00m[38;5;250m [39m[38;5;21;01mmatplotlib[39;00m[38;5;21;01m.[39;00m[38;5;21;01mpyplot[39;00m[38;5;250m [39m[38;5;28;01mas[39;00m[38;5;250m [39m[38;5;21;01mplt[39;00m
[0;32m      2[0m [38;5;28;01mimport[39;00m[38;5;250m [39m[38;5;21;01mpandas[39;00m[38;5;250m [39m[38;5;28;01mas[39;00m[38;5;250m [39m[38;5;21;01mpd[39;00m
[0;32m      4[0m iris [38;5;241m=[39m pd[38;5;241m.[39mread_csv([38;5;124m"[39m[38;5;124mIRIS.csv[39m[38;5;124m"[39m)

[1;31mModuleNotFoundError[0m: No module named 'matplotlib'

